python2022-06-13 21:48:07,754 [DEBUG] «‡ÔÓ¯ÂÌ˚ ‚ÒÂ ÔÓÒÚ˚
python2022-06-13 21:49:34,038 [DEBUG] –ó–∞–ø—Ä–æ—à–µ–Ω—ã –≤—Å–µ –ø–æ—Å—Ç—ã
python2022-06-13 21:53:40,143 [DEBUG] –û–±—Ä–∞—â–µ–Ω–∏–µ –∫ –ø–æ—Å—Ç—É 2
python2022-06-13 21:53:43,841 [DEBUG] –û–±—Ä–∞—â–µ–Ω–∏–µ –∫ –Ω–µ—Å—É—â–µ—Å—Ç–≤—É—é—â–µ–º—É –ø–æ—Å—Ç—É 700
python2022-06-14 11:22:42,587 [DEBUG] –ó–∞–ø—Ä–æ—à–µ–Ω—ã –≤—Å–µ –ø–æ—Å—Ç—ã
python2022-06-14 11:22:42,591 [DEBUG] –û–±—Ä–∞—â–µ–Ω–∏–µ –∫ –ø–æ—Å—Ç—É 1
python2022-06-14 11:22:42,595 [DEBUG] –û–±—Ä–∞—â–µ–Ω–∏–µ –∫ –ø–æ—Å—Ç—É 1
python2022-06-14 11:22:58,870 [DEBUG] –ó–∞–ø—Ä–æ—à–µ–Ω—ã –≤—Å–µ –ø–æ—Å—Ç—ã
python2022-06-14 11:22:58,874 [DEBUG] –û–±—Ä–∞—â–µ–Ω–∏–µ –∫ –ø–æ—Å—Ç—É 1
python2022-06-14 11:22:58,877 [DEBUG] –û–±—Ä–∞—â–µ–Ω–∏–µ –∫ –Ω–µ—Å—É—â–µ—Å—Ç–≤—É—é—â–µ–º—É –ø–æ—Å—Ç—É 99
python2022-06-14 11:22:58,878 [ERROR] –û—à–∏–±–∫–∞ 404 Not Found: The requested URL was not found on the server. If you entered the URL manually please check your spelling and try again.
python2022-06-14 12:10:54,885 [DEBUG] –ó–∞–ø—Ä–æ—à–µ–Ω—ã –≤—Å–µ –ø–æ—Å—Ç—ã
python2022-06-14 12:10:54,889 [DEBUG] –û–±—Ä–∞—â–µ–Ω–∏–µ –∫ –ø–æ—Å—Ç—É 1
python2022-06-14 12:10:54,893 [DEBUG] –û–±—Ä–∞—â–µ–Ω–∏–µ –∫ –Ω–µ—Å—É—â–µ—Å—Ç–≤—É—é—â–µ–º—É –ø–æ—Å—Ç—É 99
python2022-06-14 12:10:54,893 [ERROR] –û—à–∏–±–∫–∞ 404 Not Found: The requested URL was not found on the server. If you entered the URL manually please check your spelling and try again.
python2022-06-14 12:10:54,897 [DEBUG] –û–±—Ä–∞—â–µ–Ω–∏–µ –∫ –ø–æ—Å—Ç—É 1
python2022-06-14 12:11:47,140 [DEBUG] –ó–∞–ø—Ä–æ—à–µ–Ω—ã –≤—Å–µ –ø–æ—Å—Ç—ã
python2022-06-14 12:11:47,144 [DEBUG] –û–±—Ä–∞—â–µ–Ω–∏–µ –∫ –ø–æ—Å—Ç—É 1
python2022-06-14 12:11:47,148 [DEBUG] –û–±—Ä–∞—â–µ–Ω–∏–µ –∫ –Ω–µ—Å—É—â–µ—Å—Ç–≤—É—é—â–µ–º—É –ø–æ—Å—Ç—É 99
python2022-06-14 12:11:47,148 [ERROR] –û—à–∏–±–∫–∞ 404 Not Found: The requested URL was not found on the server. If you entered the URL manually please check your spelling and try again.
python2022-06-14 12:11:47,152 [DEBUG] –û–±—Ä–∞—â–µ–Ω–∏–µ –∫ –ø–æ—Å—Ç—É 1
python2022-06-14 12:12:03,618 [DEBUG] –ó–∞–ø—Ä–æ—à–µ–Ω—ã –≤—Å–µ –ø–æ—Å—Ç—ã
python2022-06-14 12:12:03,622 [DEBUG] –û–±—Ä–∞—â–µ–Ω–∏–µ –∫ –ø–æ—Å—Ç—É 1
python2022-06-14 12:12:03,626 [DEBUG] –û–±—Ä–∞—â–µ–Ω–∏–µ –∫ –Ω–µ—Å—É—â–µ—Å—Ç–≤—É—é—â–µ–º—É –ø–æ—Å—Ç—É 99
python2022-06-14 12:12:03,626 [ERROR] –û—à–∏–±–∫–∞ 404 Not Found: The requested URL was not found on the server. If you entered the URL manually please check your spelling and try again.
python2022-06-14 12:12:03,629 [DEBUG] –û–±—Ä–∞—â–µ–Ω–∏–µ –∫ –ø–æ—Å—Ç—É 2
python2022-06-14 12:13:14,662 [DEBUG] –ó–∞–ø—Ä–æ—à–µ–Ω—ã –≤—Å–µ –ø–æ—Å—Ç—ã
python2022-06-14 12:13:14,666 [DEBUG] –û–±—Ä–∞—â–µ–Ω–∏–µ –∫ –ø–æ—Å—Ç—É 1
python2022-06-14 12:13:14,670 [DEBUG] –û–±—Ä–∞—â–µ–Ω–∏–µ –∫ –Ω–µ—Å—É—â–µ—Å—Ç–≤—É—é—â–µ–º—É –ø–æ—Å—Ç—É 99
python2022-06-14 12:13:14,670 [ERROR] –û—à–∏–±–∫–∞ 404 Not Found: The requested URL was not found on the server. If you entered the URL manually please check your spelling and try again.
python2022-06-14 12:13:14,674 [DEBUG] –û–±—Ä–∞—â–µ–Ω–∏–µ –∫ –ø–æ—Å—Ç—É 1
